21:43:18 GET: /api/book user-agent: PostmanRuntime/7.28.0
21:43:37 GET: /api/ user-agent: PostmanRuntime/7.28.0
21:44:8 GET: / user-agent: PostmanRuntime/7.28.0
21:48:15 GET: /create user-agent: PostmanRuntime/7.28.0
21:50:57 GET: / user-agent: PostmanRuntime/7.28.0
21:51:8 GET: /api/book user-agent: PostmanRuntime/7.28.0
21:56:17 GET: /api/book user-agent: PostmanRuntime/7.28.0
21:59:29 GET: /api/book/ user-agent: PostmanRuntime/7.28.0
22:2:56 GET: /api/book/ user-agent: PostmanRuntime/7.28.0
22:4:3 GET: /api/book/3ab409da-d0ef-4c16-b90b-75f7d51f717a user-agent: PostmanRuntime/7.28.0
18:39:41 GET: /api/book/ user-agent: PostmanRuntime/7.28.0
18:40:20 GET: /api/book/70ccffbe-065b-47d1-98df-061af921e320/ user-agent: PostmanRuntime/7.28.0
18:40:50 GET: /api/book/70ccffbe-065b-47d1-98df-061af921e320 user-agent: PostmanRuntime/7.28.0
18:44:7 GET: /api/book/ user-agent: PostmanRuntime/7.28.0
18:44:18 GET: /api/book/70ccffbe-065b-47d1-98df-061af921e320 user-agent: PostmanRuntime/7.28.0
18:45:1 GET: /api/book/70ccffbe-065b-47d1-98df-061af921e320 user-agent: PostmanRuntime/7.28.0
18:45:7 GET: /api/book/ user-agent: PostmanRuntime/7.28.0
18:45:23 GET: /api/book/70ccffbe-065b-47d1-98df-061af921e320 user-agent: PostmanRuntime/7.28.0
18:47:9 GET: /api/book/ user-agent: PostmanRuntime/7.28.0
18:47:21 GET: /api/book/ba499b5e-6d22-4d05-b43f-2ea1111523e0 user-agent: PostmanRuntime/7.28.0
18:47:47 GET: /api/book/ba499b5e-6d22-4d05-b43f-2ea1111523e0 user-agent: PostmanRuntime/7.28.0
18:47:57 GET: /api/book/ user-agent: PostmanRuntime/7.28.0
18:48:9 GET: /api/book/ba499b5e-6d22-4d05-b43f-2ea1111523e0 user-agent: PostmanRuntime/7.28.0
18:48:57 GET: /api/book/ user-agent: PostmanRuntime/7.28.0
18:49:7 GET: /api/book/ef1eb401-f9ab-4335-bdec-02b728eaeece user-agent: PostmanRuntime/7.28.0
18:55:49 GET: /api/book/ef1eb401-f9ab-4335-bdec-02b728eaeeceCC user-agent: PostmanRuntime/7.28.0
18:55:54 GET: /api/book/ef1eb401-f9ab-4335-bdec-02b728eaeece user-agent: PostmanRuntime/7.28.0
19:3:9 POST: /api/book/ user-agent: PostmanRuntime/7.28.0
19:6:52 POST: /api/book/ user-agent: PostmanRuntime/7.28.0
19:7:16 POST: /api/book/ user-agent: PostmanRuntime/7.28.0
19:9:32 POST: /api/book/ user-agent: PostmanRuntime/7.28.0
19:9:44 POST: /api/book/ user-agent: PostmanRuntime/7.28.0
19:10:28 POST: /api/book/ user-agent: PostmanRuntime/7.28.0
19:23:52 POST: /api/book/ user-agent: PostmanRuntime/7.28.0
19:25:41 POST: /api/book/ user-agent: PostmanRuntime/7.28.0
19:26:48 POST: /api/book/ user-agent: PostmanRuntime/7.28.0
19:26:57 GET: /api/book/ user-agent: PostmanRuntime/7.28.0
19:27:12 GET: /api/book/39e7ebc3-cd15-4c1b-b418-ba3b958ca37d user-agent: PostmanRuntime/7.28.0
19:29:27 POST: /api/book/ user-agent: PostmanRuntime/7.28.0
19:30:5 POST: /api/book/ user-agent: PostmanRuntime/7.28.0
19:59:32 GET: /api/book/ user-agent: PostmanRuntime/7.28.0
20:0:3 POST: /api/book/ user-agent: PostmanRuntime/7.28.0
20:0:16 POST: /api/book/ user-agent: PostmanRuntime/7.28.0
20:0:43 POST: /api/book/ user-agent: PostmanRuntime/7.28.0
20:5:12 GET: /api/book/ user-agent: PostmanRuntime/7.28.0
20:5:26 GET: /api/book/fa4c8751-81d1-46b4-8f31-56afb82ef16f user-agent: PostmanRuntime/7.28.0
20:7:0 POST: /api/book/ user-agent: PostmanRuntime/7.28.0
20:8:14 POST: /api/book/ user-agent: PostmanRuntime/7.28.0
20:8:21 POST: /api/book/ user-agent: PostmanRuntime/7.28.0
20:9:13 POST: /api/book/ user-agent: PostmanRuntime/7.28.0
20:10:0 POST: /api/book/ user-agent: PostmanRuntime/7.28.0
20:15:1 POST: /api/book/ user-agent: PostmanRuntime/7.28.0
20:20:13 POST: /api/book/ user-agent: PostmanRuntime/7.28.0
20:20:32 POST: /api/book/ user-agent: PostmanRuntime/7.28.0
20:20:54 POST: /api/book/ user-agent: PostmanRuntime/7.28.0
20:21:14 POST: /api/book/ user-agent: PostmanRuntime/7.28.0
20:29:17 GET: /api/book/ user-agent: PostmanRuntime/7.28.0
20:30:11 POST: /api/book/ user-agent: PostmanRuntime/7.28.0
20:30:22 GET: /api/book/ user-agent: PostmanRuntime/7.28.0
20:31:3 PUT: /api/book/e9922298-1ddc-4575-84ab-454b64e812a8 user-agent: PostmanRuntime/7.28.0
20:31:14 PUT: /api/book/ user-agent: PostmanRuntime/7.28.0
20:31:21 GET: /api/book/ user-agent: PostmanRuntime/7.28.0
20:33:16 GET: /api/book/ user-agent: PostmanRuntime/7.28.0
20:33:27 POST: /api/book/ user-agent: PostmanRuntime/7.28.0
20:33:32 GET: /api/book/ user-agent: PostmanRuntime/7.28.0
20:33:49 DELETE: /api/book/9c4a23a4-0543-4f73-9ebd-b0bd6ee91a5f user-agent: PostmanRuntime/7.28.0
20:33:52 DELETE: /api/book/9c4a23a4-0543-4f73-9ebd-b0bd6ee91a5f user-agent: PostmanRuntime/7.28.0
20:34:3 GET: /api/book/ user-agent: PostmanRuntime/7.28.0
21:43:20 GET: /api/book/ user-agent: PostmanRuntime/7.28.0
21:44:40 POST: /api/book/upload-book user-agent: PostmanRuntime/7.28.0
21:46:4 POST: /api/book/upload-book user-agent: PostmanRuntime/7.28.0
21:47:28 GET: /api/book/ user-agent: PostmanRuntime/7.28.0
21:49:38 POST: /api/book/upload-book user-agent: PostmanRuntime/7.28.0
21:58:41 POST: /api/book/upload-book user-agent: PostmanRuntime/7.28.0
22:2:57 POST: /api/book/upload-book user-agent: PostmanRuntime/7.28.0
22:5:47 GET: /api/book user-agent: PostmanRuntime/7.28.0
22:5:56 GET: /api/book/err user-agent: PostmanRuntime/7.28.0
22:14:56 POST: /api/book/upload-book user-agent: PostmanRuntime/7.28.0
22:15:44 POST: /api/book/upload-book user-agent: PostmanRuntime/7.28.0
22:22:35 POST: /api/book/upload-book user-agent: PostmanRuntime/7.28.0
22:31:48 GET: /api/book/ user-agent: PostmanRuntime/7.28.0
22:32:40 GET: /api/book/upload-book/ user-agent: PostmanRuntime/7.28.0
22:33:45 GET: /api/book user-agent: Mozilla/5.0 (Windows NT 10.0; Win64; x64) AppleWebKit/537.36 (KHTML, like Gecko) Chrome/93.0.4577.82 Safari/537.36
22:35:38 POST: /api/book/upload-book user-agent: Mozilla/5.0 (Windows NT 10.0; Win64; x64) AppleWebKit/537.36 (KHTML, like Gecko) Chrome/93.0.4577.82 Safari/537.36
7:12:44 GET: /api/book/ user-agent: PostmanRuntime/7.28.0
7:13:15 GET: /api/book/51686ac6-88ed-4213-a31e-fe54cbaf6e07 user-agent: PostmanRuntime/7.28.0
7:13:20 GET: /api/book/51686ac6-88ed-4213-a31e-fe54cbaf6e07%D1%8F user-agent: PostmanRuntime/7.28.0
7:13:49 GET: /api/book/51686ac6-88ed-4213-a31e-fe54cbaf6e07 user-agent: PostmanRuntime/7.28.0
7:14:22 PUT: /api/book/51686ac6-88ed-4213-a31e-fe54cbaf6e07 user-agent: PostmanRuntime/7.28.0
7:14:34 DELETE: /api/book/51686ac6-88ed-4213-a31e-fe54cbaf6e07 user-agent: PostmanRuntime/7.28.0
7:14:35 DELETE: /api/book/51686ac6-88ed-4213-a31e-fe54cbaf6e07 user-agent: PostmanRuntime/7.28.0
7:14:45 GET: /api/book/ user-agent: PostmanRuntime/7.28.0
7:15:35 POST: /api/book/upload-book user-agent: PostmanRuntime/7.28.0
7:15:56 POST: /api/book/upload-book user-agent: PostmanRuntime/7.28.0
17:18:10 POST: /api/book/upload-book user-agent: PostmanRuntime/7.28.0
17:19:50 POST: /api/book/upload-book user-agent: PostmanRuntime/7.28.0
17:23:5 POST: /api/book/upload-book user-agent: PostmanRuntime/7.28.0
17:31:23 POST: /api/book/upload-book user-agent: PostmanRuntime/7.28.0
17:32:7 POST: /api/book/upload-book user-agent: PostmanRuntime/7.28.0
17:32:15 POST: /api/book/upload-book user-agent: PostmanRuntime/7.28.0
17:32:18 POST: /api/book/upload-book user-agent: PostmanRuntime/7.28.0
17:34:33 POST: /api/book/upload-book user-agent: PostmanRuntime/7.28.0
17:35:10 GET: /api/book/e2a31c67-753e-474c-8719-84313a08103b/download-book user-agent: PostmanRuntime/7.28.0
17:40:57 GET: /api/book/e2a31c67-753e-474c-8719-84313a08103b/download-book user-agent: PostmanRuntime/7.28.0
17:42:42 GET: /api/book/e2a31c67-753e-474c-8719-84313a08103b/download-book user-agent: PostmanRuntime/7.28.0
17:47:18 GET: /api/book/e2a31c67-753e-474c-8719-84313a08103b/download-book user-agent: PostmanRuntime/7.28.0
17:47:33 GET: /api/book/ user-agent: PostmanRuntime/7.28.0
17:48:27 POST: /api/book/upload-book user-agent: PostmanRuntime/7.28.0
17:48:31 POST: /api/book/upload-book user-agent: PostmanRuntime/7.28.0
17:48:58 POST: /api/book/upload-book user-agent: PostmanRuntime/7.28.0
17:49:32 POST: /api/book/upload-book/93045030-ceea-4e16-b683-42d7d0ae2520/download-book user-agent: PostmanRuntime/7.28.0
17:49:51 GET: /api/book/upload-book/93045030-ceea-4e16-b683-42d7d0ae2520/download-book user-agent: PostmanRuntime/7.28.0
17:50:7 GET: /api/book/ user-agent: PostmanRuntime/7.28.0
17:50:41 GET: /api/book/93045030-ceea-4e16-b683-42d7d0ae2520/download-book user-agent: PostmanRuntime/7.28.0
17:52:0 GET: /api/book/93045030-ceea-4e16-b683-42d7d0ae2520/download-book user-agent: PostmanRuntime/7.28.0
17:52:10 GET: /api/book/ user-agent: PostmanRuntime/7.28.0
17:52:40 POST: /api/book/upload-book user-agent: PostmanRuntime/7.28.0
17:53:18 GET: /api/book/bb3ea378-7b7b-40f3-aa82-56afc4cbfbca/dowload-book user-agent: PostmanRuntime/7.28.0
17:53:37 GET: /api/book/bb3ea378-7b7b-40f3-aa82-56afc4cbfbca/download-book user-agent: PostmanRuntime/7.28.0
